<?xml version="1.0" encoding="UTF-8"?>
<!-- Generated by org.testng.reporters.JUnitReportReporter -->
<testsuite hostname="Umesh2850" failures="0" tests="4" name="com.crm.qa.testcases.LoginPageTest" time="41.079" errors="0" timestamp="2021-09-14T23:23:31 IST" skipped="0">
  <testcase classname="com.crm.qa.testcases.LoginPageTest" name="validateLoginBtnTest" time="9.553"/>
  <system-out/>
  <testcase classname="com.crm.qa.testcases.LoginPageTest" name="validateLoginBtnDisplayedTest" time="9.583"/>
  <system-out/>
  <testcase classname="com.crm.qa.testcases.LoginPageTest" name="loginPageTitleTest" time="7.732"/>
  <system-out/>
  <testcase classname="com.crm.qa.testcases.LoginPageTest" name="loginTest" time="14.211"/>
  <system-out/>
</testsuite> <!-- com.crm.qa.testcases.LoginPageTest -->
