<?xml version="1.0" encoding="UTF-8"?>
<!-- Generated by org.testng.reporters.JUnitReportReporter -->
<testsuite hostname="Umesh2850" failures="0" tests="2" name="com.crm.qa.testcases.ContactPageTest" time="12.898" errors="0" timestamp="2021-09-15T23:07:50 IST" skipped="1">
  <testcase classname="com.crm.qa.testcases.ContactPageTest" name="validateContactPageTitleTest" time="12.898"/>
  <system-out/>
  <testcase classname="com.crm.qa.testcases.ContactPageTest" name="validateCreateNewContactTest">
    <skipped/>
  </testcase> <!-- validateCreateNewContactTest -->
  <system-out/>
</testsuite> <!-- com.crm.qa.testcases.ContactPageTest -->
