<?xml version="1.0" encoding="UTF-8"?>
<!-- Generated by org.testng.reporters.JUnitReportReporter -->
<testsuite hostname="Umesh2850" failures="0" tests="6" name="com.crm.qa.testcases.HomePageTest" time="92.188" errors="0" timestamp="2021-09-15T22:06:42 IST" skipped="0">
  <testcase classname="com.crm.qa.testcases.HomePageTest" name="validateLoggedInUserNameTest" time="15.553"/>
  <system-out/>
  <testcase classname="com.crm.qa.testcases.HomePageTest" name="validateContactPageLinkTest" time="14.830"/>
  <system-out/>
  <testcase classname="com.crm.qa.testcases.HomePageTest" name="validateDealsPageLinkTest" time="14.454"/>
  <system-out/>
  <testcase classname="com.crm.qa.testcases.HomePageTest" name="validateCompaniesPageLinkTest" time="16.229"/>
  <system-out/>
  <testcase classname="com.crm.qa.testcases.HomePageTest" name="validateTaskPageLinkTest" time="17.160"/>
  <system-out/>
  <testcase classname="com.crm.qa.testcases.HomePageTest" name="validateCasesPageLinkTest" time="13.962"/>
  <system-out/>
</testsuite> <!-- com.crm.qa.testcases.HomePageTest -->
