<?xml version="1.0" encoding="UTF-8"?>
<!-- Generated by org.testng.reporters.JUnitReportReporter -->
<testsuite hostname="Umesh2850" failures="0" tests="1" name="com.crm.qa.testcases.TaskPageTest" time="14.783" errors="0" timestamp="2021-09-15T22:06:42 IST" skipped="0">
  <testcase classname="com.crm.qa.testcases.TaskPageTest" name="validateDealsPageTitleTest" time="14.783"/>
  <system-out/>
</testsuite> <!-- com.crm.qa.testcases.TaskPageTest -->
